<?xml version="1.0" encoding="UTF-8"?>
<testng-results ignored="0" total="1" passed="1" failed="0" skipped="0">
  <reporter-output>
  </reporter-output>
  <suite started-at="2018-02-06T10:15:15Z" name="Default suite" finished-at="2018-02-06T10:15:36Z" duration-ms="21551">
    <groups>
    </groups>
    <test started-at="2018-02-06T10:15:15Z" name="Default test" finished-at="2018-02-06T10:15:36Z" duration-ms="21551">
      <class name="com.shopping.testcase.VerificationSearch">
        <test-method is-config="true" signature="startUrl()[pri:0, instance:com.shopping.testcase.VerificationSearch@1ebd319f]" started-at="2018-02-06T15:45:15Z" name="startUrl" finished-at="2018-02-06T15:45:28Z" duration-ms="13682" status="PASS">
          <reporter-output>
          </reporter-output>
        </test-method> <!-- startUrl -->
        <test-method signature="Searching()[pri:0, instance:com.shopping.testcase.VerificationSearch@1ebd319f]" started-at="2018-02-06T15:45:28Z" name="Searching" finished-at="2018-02-06T15:45:36Z" duration-ms="7136" status="PASS">
          <reporter-output>
          </reporter-output>
        </test-method> <!-- Searching -->
        <test-method is-config="true" signature="close_browser()[pri:0, instance:com.shopping.testcase.VerificationSearch@1ebd319f]" started-at="2018-02-06T15:45:36Z" name="close_browser" finished-at="2018-02-06T15:45:36Z" duration-ms="712" status="PASS">
          <reporter-output>
          </reporter-output>
        </test-method> <!-- close_browser -->
      </class> <!-- com.shopping.testcase.VerificationSearch -->
    </test> <!-- Default test -->
  </suite> <!-- Default suite -->
</testng-results>
